2024-01-02T14:25:55+00:00 DEBUG POST: https://ads.tiktok.com/marketing_api/api/developer/app/create_auto_approve/

{"business_platform":"PROD","smb_id":"tt4b_woocommerce_65941cf3bb1ddhttplocalhostjobdanamwp-admin","smb_name":"PROD","redirect_url":"http:\/\/localhost\/job\/danam\/wp-admin\/"}
 ajax: no
2024-01-02T14:25:56+00:00 DEBUG Tt4b_Mapi_Class::create_open_source_app: Response: 

HTTP/1.1 200 OK
Content-Type: application/json
X-Tt-Logid: 20240102142556D3C211C7469984ECB326,20240102142556D3C211C7469984ECB326
Strict-Transport-Security: max-age=31536000; includeSubDomains
Server-Timing: inner; dur=77
x-tt-trace-host: 01c3a3d06687f9b1faa06ed7f96454ec4bd5a1571c6ee4cea97f3f844c6eb6b3980acbf80604bcd75c37b1f52a30c2f37e7af89621da3899944a8534943473a856ada66dd74a84a26a1af8d5b65efc8672a45a704e9755796a97b370d88559e04d
x-tt-trace-id: 00-240102142556D3C211C7469984ECB326-7C40E5E825C1304F-00
Server: TLB
Content-Encoding: gzip
Date: Tue, 02 Jan 2024 14:25:57 GMT
Content-Length: 209
X-Cache: TCP_MISS from a23-35-216-10.deploy.akamaitechnologies.com (AkamaiGHost/11.3.3-52660090) (-)
Connection: close
Vary: Accept-Encoding
x-tt-trace-tag: id=16;cdn-cache=miss;type=dyn
Server-Timing: cdn-cache; desc=MISS, edge; dur=2, origin; dur=111
X-Origin-Response-Time: 111,23.35.216.10
X-Akamai-Request-ID: 2c32852e

{"code":0,"msg":"ok","data":{"external_data_key":"69eb735f-4c98-4b97-a3c0-3a5f40023106","redirect_uri":"http:\/\/localhost\/job\/danam\/wp-admin\/","app_id":"7319507133597220865","app_secret":"6b7d96143fc0f1daaccd4f7e97d907b84ab6a3e9"}}

